[2021-10-15 21:05:08,524] multiqc                                            [DEBUG  ]  This is MultiQC v1.11
[2021-10-15 21:05:08,524] multiqc                                            [DEBUG  ]  No MultiQC config found: /home/haniel.cedraz/miniconda3/lib/python3.7/site-packages/multiqc_config.yaml
[2021-10-15 21:05:08,524] multiqc                                            [DEBUG  ]  No MultiQC config found: /home/haniel.cedraz/.multiqc_config.yaml
[2021-10-15 21:05:08,524] multiqc                                            [DEBUG  ]  No MultiQC config found: multiqc_config.yaml
[2021-10-15 21:05:08,525] multiqc                                            [DEBUG  ]  Command used: /home/haniel.cedraz/miniconda3/bin/multiqc reports/ -o reports/
[2021-10-15 21:05:10,431] multiqc                                            [DEBUG  ]  Latest MultiQC version is v1.11
[2021-10-15 21:05:10,431] multiqc                                            [DEBUG  ]  Command     : /home/haniel.cedraz/miniconda3/bin/multiqc reports/ -o reports/
[2021-10-15 21:05:10,432] multiqc                                            [DEBUG  ]  Working dir : /localData/alunos/haniel.cedraz/aula_ZOO_765
[2021-10-15 21:05:10,432] multiqc                                            [DEBUG  ]  Template    : default
[2021-10-15 21:05:10,432] multiqc                                            [DEBUG  ]  Running Python 3.7.4 (default, Aug 13 2019, 20:35:49)  [GCC 7.3.0]
[2021-10-15 21:05:10,433] multiqc                                            [DEBUG  ]  Analysing modules: custom_content, ccs, ngsderive, purple, conpair, lima, peddy, somalier, methylQA, mosdepth, phantompeakqualtools, qualimap, preseq, quast, qorts, rna_seqc, rockhopper, rsem, rseqc, busco, bustools, goleft_indexcov, gffcompare, disambiguate, supernova, deeptools, sargasso, verifybamid, mirtrace, happy, mirtop, sambamba, homer, hops, macs2, theta2, snpeff, gatk, htseq, bcftools, featureCounts, fgbio, dragen, dedup, damageprofiler, biobambam2, jcvi, mtnucratio, picard, vep, sentieon, prokka, qc3C, nanostat, samblaster, samtools, sexdeterrmine, eigenstratdatabasetools, bamtools, jellyfish, vcftools, longranger, stacks, varscan2, snippy, bbmap, bismark, biscuit, hicexplorer, hicup, hicpro, salmon, kallisto, slamdunk, star, hisat2, tophat, bowtie2, bowtie1, snpsplit, odgi, pangolin, kat, leehom, adapterRemoval, clipandmerge, cutadapt, flexbar, kaiju, kraken, malt, trimmomatic, sickle, skewer, sortmerna, biobloomtools, fastq_screen, afterqc, fastp, fastqc, pychopper, pycoqc, minionqc, multivcfanalyzer, clusterflow, bcl2fastq, bclconvert, interop, ivar, flash, seqyclean, optitype
[2021-10-15 21:05:10,433] multiqc                                            [DEBUG  ]  Using temporary directory for creating report: /tmp/tmpwgha2d7i
[2021-10-15 21:05:10,670] multiqc                                            [INFO   ]  Search path : /localData/alunos/haniel.cedraz/aula_ZOO_765/reports
[2021-10-15 21:05:10,746] multiqc                                            [DEBUG  ]  File ignored by ccs/v4 because it exceeded search pattern filesize limit: ERR3417904_PRJEB33381_Sus.Scrofa_Testis_R1_001_fastqc.html
[2021-10-15 21:05:10,747] multiqc                                            [DEBUG  ]  File ignored by hicexplorer because it exceeded search pattern filesize limit: ERR3417904_PRJEB33381_Sus.Scrofa_Testis_R1_001_fastqc.html
[2021-10-15 21:05:10,748] multiqc                                            [DEBUG  ]  File ignored by nanostat because it exceeded search pattern filesize limit: ERR3417904_PRJEB33381_Sus.Scrofa_Testis_R1_001_fastqc.html
[2021-10-15 21:05:10,748] multiqc                                            [DEBUG  ]  File ignored by lima/summary because it exceeded search pattern filesize limit: ERR3417904_PRJEB33381_Sus.Scrofa_Testis_R1_001_fastqc.html
[2021-10-15 21:05:10,752] multiqc                                            [DEBUG  ]  File ignored by vep/vep_txt because it exceeded search pattern filesize limit: ERR3417904_PRJEB33381_Sus.Scrofa_Testis_R1_001_fastqc.html
[2021-10-15 21:05:10,752] multiqc                                            [DEBUG  ]  File ignored by longranger/invocation because it exceeded search pattern filesize limit: ERR3417904_PRJEB33381_Sus.Scrofa_Testis_R1_001_fastqc.html
[2021-10-15 21:05:10,816] multiqc                                            [DEBUG  ]  File ignored by ccs/v4 because it exceeded search pattern filesize limit: ERR3417904_PRJEB33381_Sus.Scrofa_Testis_R2_001_fastqc.html
[2021-10-15 21:05:10,817] multiqc                                            [DEBUG  ]  File ignored by hicexplorer because it exceeded search pattern filesize limit: ERR3417904_PRJEB33381_Sus.Scrofa_Testis_R2_001_fastqc.html
[2021-10-15 21:05:10,817] multiqc                                            [DEBUG  ]  File ignored by nanostat because it exceeded search pattern filesize limit: ERR3417904_PRJEB33381_Sus.Scrofa_Testis_R2_001_fastqc.html
[2021-10-15 21:05:10,817] multiqc                                            [DEBUG  ]  File ignored by lima/summary because it exceeded search pattern filesize limit: ERR3417904_PRJEB33381_Sus.Scrofa_Testis_R2_001_fastqc.html
[2021-10-15 21:05:10,819] multiqc                                            [DEBUG  ]  File ignored by vep/vep_txt because it exceeded search pattern filesize limit: ERR3417904_PRJEB33381_Sus.Scrofa_Testis_R2_001_fastqc.html
[2021-10-15 21:05:10,819] multiqc                                            [DEBUG  ]  File ignored by longranger/invocation because it exceeded search pattern filesize limit: ERR3417904_PRJEB33381_Sus.Scrofa_Testis_R2_001_fastqc.html
[2021-10-15 21:05:10,855] multiqc                                            [DEBUG  ]  File ignored by ccs/v4 because it exceeded search pattern filesize limit: ERR3417918_PRJEB33381_Sus.Scrofa_Liver_PE1_fastqc.html
[2021-10-15 21:05:10,856] multiqc                                            [DEBUG  ]  File ignored by hicexplorer because it exceeded search pattern filesize limit: ERR3417918_PRJEB33381_Sus.Scrofa_Liver_PE1_fastqc.html
[2021-10-15 21:05:10,856] multiqc                                            [DEBUG  ]  File ignored by nanostat because it exceeded search pattern filesize limit: ERR3417918_PRJEB33381_Sus.Scrofa_Liver_PE1_fastqc.html
[2021-10-15 21:05:10,856] multiqc                                            [DEBUG  ]  File ignored by lima/summary because it exceeded search pattern filesize limit: ERR3417918_PRJEB33381_Sus.Scrofa_Liver_PE1_fastqc.html
[2021-10-15 21:05:10,858] multiqc                                            [DEBUG  ]  File ignored by vep/vep_txt because it exceeded search pattern filesize limit: ERR3417918_PRJEB33381_Sus.Scrofa_Liver_PE1_fastqc.html
[2021-10-15 21:05:10,858] multiqc                                            [DEBUG  ]  File ignored by longranger/invocation because it exceeded search pattern filesize limit: ERR3417918_PRJEB33381_Sus.Scrofa_Liver_PE1_fastqc.html
[2021-10-15 21:05:10,889] multiqc                                            [DEBUG  ]  File ignored by ccs/v4 because it exceeded search pattern filesize limit: ERR3417918_PRJEB33381_Sus.Scrofa_Liver_PE2_fastqc.html
[2021-10-15 21:05:10,889] multiqc                                            [DEBUG  ]  File ignored by hicexplorer because it exceeded search pattern filesize limit: ERR3417918_PRJEB33381_Sus.Scrofa_Liver_PE2_fastqc.html
[2021-10-15 21:05:10,890] multiqc                                            [DEBUG  ]  File ignored by nanostat because it exceeded search pattern filesize limit: ERR3417918_PRJEB33381_Sus.Scrofa_Liver_PE2_fastqc.html
[2021-10-15 21:05:10,890] multiqc                                            [DEBUG  ]  File ignored by lima/summary because it exceeded search pattern filesize limit: ERR3417918_PRJEB33381_Sus.Scrofa_Liver_PE2_fastqc.html
[2021-10-15 21:05:10,891] multiqc                                            [DEBUG  ]  File ignored by vep/vep_txt because it exceeded search pattern filesize limit: ERR3417918_PRJEB33381_Sus.Scrofa_Liver_PE2_fastqc.html
[2021-10-15 21:05:10,891] multiqc                                            [DEBUG  ]  File ignored by longranger/invocation because it exceeded search pattern filesize limit: ERR3417918_PRJEB33381_Sus.Scrofa_Liver_PE2_fastqc.html
[2021-10-15 21:05:11,423] multiqc.plots.bargraph                             [DEBUG  ]  Using matplotlib version 3.3.2
[2021-10-15 21:05:11,425] multiqc.plots.linegraph                            [DEBUG  ]  Using matplotlib version 3.3.2
[2021-10-15 21:05:11,427] multiqc                                            [DEBUG  ]  No samples found: custom_content
[2021-10-15 21:05:11,435] multiqc                                            [DEBUG  ]  No samples found: ccs
[2021-10-15 21:05:11,442] multiqc                                            [DEBUG  ]  No samples found: ngsderive
[2021-10-15 21:05:11,448] multiqc                                            [DEBUG  ]  No samples found: purple
[2021-10-15 21:05:11,455] multiqc                                            [DEBUG  ]  No samples found: conpair
[2021-10-15 21:05:11,461] multiqc                                            [DEBUG  ]  No samples found: lima
[2021-10-15 21:05:11,467] multiqc                                            [DEBUG  ]  No samples found: peddy
[2021-10-15 21:05:11,473] multiqc                                            [DEBUG  ]  No samples found: somalier
[2021-10-15 21:05:11,479] multiqc                                            [DEBUG  ]  No samples found: methylQA
[2021-10-15 21:05:11,486] multiqc.modules.mosdepth.mosdepth                  [DEBUG  ]  include_contigs: []
[2021-10-15 21:05:11,486] multiqc.modules.mosdepth.mosdepth                  [DEBUG  ]  exclude_contigs: []
[2021-10-15 21:05:11,486] multiqc                                            [DEBUG  ]  No samples found: mosdepth
[2021-10-15 21:05:11,491] multiqc                                            [DEBUG  ]  No samples found: phantompeakqualtools
[2021-10-15 21:05:11,496] multiqc                                            [DEBUG  ]  No samples found: qualimap
[2021-10-15 21:05:11,501] multiqc                                            [DEBUG  ]  No samples found: preseq
[2021-10-15 21:05:11,506] multiqc                                            [DEBUG  ]  No samples found: quast
[2021-10-15 21:05:11,511] multiqc                                            [DEBUG  ]  No samples found: qorts
[2021-10-15 21:05:11,515] multiqc                                            [DEBUG  ]  No samples found: rna_seqc
[2021-10-15 21:05:11,520] multiqc                                            [DEBUG  ]  No samples found: rockhopper
[2021-10-15 21:05:11,524] multiqc                                            [DEBUG  ]  No samples found: rsem
[2021-10-15 21:05:11,536] multiqc                                            [DEBUG  ]  No samples found: rseqc
[2021-10-15 21:05:11,544] multiqc                                            [DEBUG  ]  No samples found: busco
[2021-10-15 21:05:11,552] multiqc                                            [DEBUG  ]  No samples found: bustools
[2021-10-15 21:05:11,559] multiqc                                            [DEBUG  ]  No samples found: goleft_indexcov
[2021-10-15 21:05:11,566] multiqc                                            [DEBUG  ]  No samples found: gffcompare
[2021-10-15 21:05:11,573] multiqc                                            [DEBUG  ]  No samples found: disambiguate
[2021-10-15 21:05:11,579] multiqc                                            [DEBUG  ]  No samples found: supernova
[2021-10-15 21:05:11,593] multiqc                                            [DEBUG  ]  No samples found: deeptools
[2021-10-15 21:05:11,602] multiqc                                            [DEBUG  ]  No samples found: sargasso
[2021-10-15 21:05:11,610] multiqc                                            [DEBUG  ]  No samples found: verifybamid
[2021-10-15 21:05:11,620] multiqc                                            [DEBUG  ]  No samples found: mirtrace
[2021-10-15 21:05:11,628] multiqc                                            [DEBUG  ]  No samples found: happy
[2021-10-15 21:05:11,634] multiqc                                            [DEBUG  ]  No samples found: mirtop
[2021-10-15 21:05:11,643] multiqc                                            [DEBUG  ]  No samples found: sambamba
[2021-10-15 21:05:11,653] multiqc                                            [DEBUG  ]  No samples found: homer
[2021-10-15 21:05:11,660] multiqc                                            [DEBUG  ]  No samples found: hops
[2021-10-15 21:05:11,667] multiqc                                            [DEBUG  ]  No samples found: macs2
[2021-10-15 21:05:11,674] multiqc                                            [DEBUG  ]  No samples found: theta2
[2021-10-15 21:05:11,681] multiqc                                            [DEBUG  ]  No samples found: snpeff
[2021-10-15 21:05:11,688] multiqc                                            [DEBUG  ]  No samples found: gatk
[2021-10-15 21:05:11,694] multiqc                                            [DEBUG  ]  No samples found: htseq
[2021-10-15 21:05:11,700] multiqc                                            [DEBUG  ]  No samples found: bcftools
[2021-10-15 21:05:11,706] multiqc                                            [DEBUG  ]  No samples found: featureCounts
[2021-10-15 21:05:11,713] multiqc                                            [DEBUG  ]  No samples found: fgbio
[2021-10-15 21:05:11,727] multiqc                                            [DEBUG  ]  No samples found: dragen
[2021-10-15 21:05:11,736] multiqc                                            [DEBUG  ]  No samples found: dedup
[2021-10-15 21:05:11,743] multiqc                                            [DEBUG  ]  No samples found: damageprofiler
[2021-10-15 21:05:11,765] multiqc                                            [DEBUG  ]  No samples found: biobambam2
[2021-10-15 21:05:11,773] multiqc                                            [DEBUG  ]  No samples found: jcvi
[2021-10-15 21:05:11,781] multiqc                                            [DEBUG  ]  No samples found: mtnucratio
[2021-10-15 21:05:11,787] multiqc                                            [DEBUG  ]  No samples found: picard
[2021-10-15 21:05:11,796] multiqc                                            [DEBUG  ]  No samples found: vep
[2021-10-15 21:05:11,803] multiqc                                            [DEBUG  ]  No samples found: sentieon
[2021-10-15 21:05:11,809] multiqc                                            [DEBUG  ]  No samples found: prokka
[2021-10-15 21:05:11,815] multiqc                                            [DEBUG  ]  No samples found: qc3C
[2021-10-15 21:05:11,821] multiqc                                            [DEBUG  ]  No samples found: nanostat
[2021-10-15 21:05:11,826] multiqc                                            [DEBUG  ]  No samples found: samblaster
[2021-10-15 21:05:11,834] multiqc                                            [DEBUG  ]  No samples found: samtools
[2021-10-15 21:05:11,840] multiqc                                            [DEBUG  ]  No samples found: sexdeterrmine
[2021-10-15 21:05:11,845] multiqc                                            [DEBUG  ]  No samples found: eigenstratdatabasetools
[2021-10-15 21:05:11,850] multiqc                                            [DEBUG  ]  No samples found: bamtools
[2021-10-15 21:05:11,855] multiqc                                            [DEBUG  ]  No samples found: jellyfish
[2021-10-15 21:05:11,863] multiqc                                            [DEBUG  ]  No samples found: vcftools
[2021-10-15 21:05:11,872] multiqc                                            [DEBUG  ]  No samples found: longranger
[2021-10-15 21:05:11,881] multiqc                                            [DEBUG  ]  No samples found: stacks
[2021-10-15 21:05:11,890] multiqc                                            [DEBUG  ]  No samples found: varscan2
[2021-10-15 21:05:11,899] multiqc                                            [DEBUG  ]  No samples found: snippy
[2021-10-15 21:05:11,918] multiqc                                            [DEBUG  ]  No samples found: bbmap
[2021-10-15 21:05:11,927] multiqc                                            [DEBUG  ]  No samples found: bismark
[2021-10-15 21:05:11,936] multiqc                                            [DEBUG  ]  No samples found: biscuit
[2021-10-15 21:05:11,944] multiqc                                            [DEBUG  ]  No samples found: hicexplorer
[2021-10-15 21:05:11,952] multiqc                                            [DEBUG  ]  No samples found: hicup
[2021-10-15 21:05:11,959] multiqc                                            [DEBUG  ]  No samples found: hicpro
[2021-10-15 21:05:11,965] multiqc                                            [DEBUG  ]  No samples found: salmon
[2021-10-15 21:05:11,971] multiqc                                            [DEBUG  ]  No samples found: kallisto
[2021-10-15 21:05:11,977] multiqc                                            [DEBUG  ]  No samples found: slamdunk
[2021-10-15 21:05:11,983] multiqc                                            [DEBUG  ]  No samples found: star
[2021-10-15 21:05:11,988] multiqc                                            [DEBUG  ]  No samples found: hisat2
[2021-10-15 21:05:11,994] multiqc                                            [DEBUG  ]  No samples found: tophat
[2021-10-15 21:05:11,999] multiqc                                            [DEBUG  ]  No samples found: bowtie2
[2021-10-15 21:05:12,004] multiqc                                            [DEBUG  ]  No samples found: bowtie1
[2021-10-15 21:05:12,009] multiqc                                            [DEBUG  ]  No samples found: snpsplit
[2021-10-15 21:05:12,014] multiqc                                            [DEBUG  ]  No samples found: odgi
[2021-10-15 21:05:12,019] multiqc                                            [DEBUG  ]  No samples found: pangolin
[2021-10-15 21:05:12,024] multiqc                                            [DEBUG  ]  No samples found: kat
[2021-10-15 21:05:12,028] multiqc                                            [DEBUG  ]  No samples found: leehom
[2021-10-15 21:05:12,032] multiqc                                            [DEBUG  ]  No samples found: adapterRemoval
[2021-10-15 21:05:12,037] multiqc                                            [DEBUG  ]  No samples found: clipandmerge
[2021-10-15 21:05:12,041] multiqc                                            [DEBUG  ]  No samples found: cutadapt
[2021-10-15 21:05:12,045] multiqc                                            [DEBUG  ]  No samples found: flexbar
[2021-10-15 21:05:12,049] multiqc                                            [DEBUG  ]  No samples found: kaiju
[2021-10-15 21:05:12,053] multiqc                                            [DEBUG  ]  No samples found: kraken
[2021-10-15 21:05:12,057] multiqc                                            [DEBUG  ]  No samples found: malt
[2021-10-15 21:05:12,062] multiqc                                            [DEBUG  ]  No samples found: trimmomatic
[2021-10-15 21:05:12,066] multiqc                                            [DEBUG  ]  No samples found: sickle
[2021-10-15 21:05:12,070] multiqc                                            [DEBUG  ]  No samples found: skewer
[2021-10-15 21:05:12,073] multiqc                                            [DEBUG  ]  No samples found: sortmerna
[2021-10-15 21:05:12,078] multiqc                                            [DEBUG  ]  No samples found: biobloomtools
[2021-10-15 21:05:12,086] multiqc                                            [DEBUG  ]  No samples found: fastq_screen
[2021-10-15 21:05:12,095] multiqc                                            [DEBUG  ]  No samples found: afterqc
[2021-10-15 21:05:12,102] multiqc                                            [DEBUG  ]  No samples found: fastp
[2021-10-15 21:05:12,377] multiqc.modules.fastqc.fastqc                      [INFO   ]  Found 4 reports
[2021-10-15 21:05:12,465] multiqc                                            [DEBUG  ]  No samples found: pychopper
[2021-10-15 21:05:12,467] multiqc                                            [DEBUG  ]  No samples found: pycoqc
[2021-10-15 21:05:12,470] multiqc                                            [DEBUG  ]  No samples found: minionqc
[2021-10-15 21:05:12,473] multiqc                                            [DEBUG  ]  No samples found: multivcfanalyzer
[2021-10-15 21:05:12,475] multiqc                                            [DEBUG  ]  No samples found: clusterflow
[2021-10-15 21:05:12,478] multiqc                                            [DEBUG  ]  No samples found: bcl2fastq
[2021-10-15 21:05:12,481] multiqc                                            [DEBUG  ]  No samples found: bclconvert
[2021-10-15 21:05:12,484] multiqc                                            [DEBUG  ]  No samples found: interop
[2021-10-15 21:05:12,486] multiqc                                            [DEBUG  ]  No samples found: ivar
[2021-10-15 21:05:12,489] multiqc                                            [DEBUG  ]  No samples found: flash
[2021-10-15 21:05:12,492] multiqc                                            [DEBUG  ]  No samples found: seqyclean
[2021-10-15 21:05:12,495] multiqc                                            [DEBUG  ]  No samples found: optitype
[2021-10-15 21:05:12,499] multiqc                                            [INFO   ]  Compressing plot data
[2021-10-15 21:05:12,550] multiqc                                            [INFO   ]  Report      : reports/multiqc_report.html
[2021-10-15 21:05:12,550] multiqc                                            [INFO   ]  Data        : reports/multiqc_data
[2021-10-15 21:05:12,550] multiqc                                            [DEBUG  ]  Moving data file from '/tmp/tmpwgha2d7i/multiqc_data' to 'reports/multiqc_data'
[2021-10-15 21:05:12,738] multiqc                                            [INFO   ]  MultiQC complete
